2024-03-04 21:59:44.072 [info] Log level: Info
2024-03-04 21:59:44.072 [info] Validating found git in: "git"
2024-03-04 21:59:44.072 [info] Using git "2.40.1" from "git"
2024-03-04 21:59:44.072 [info] > git rev-parse --show-toplevel [7ms]
2024-03-04 21:59:44.072 [info] > git rev-parse --git-dir --git-common-dir [3ms]
2024-03-04 21:59:44.072 [info] Open repository: /home/noah/Documents/GitHub/FinancasConsole-Web2-TADS4
2024-03-04 21:59:44.102 [info] > git rev-parse --show-toplevel [6ms]
2024-03-04 21:59:44.123 [info] > git config --get commit.template [38ms]
2024-03-04 21:59:44.137 [info] > git rev-parse --show-toplevel [16ms]
2024-03-04 21:59:44.155 [info] > git rev-parse --show-toplevel [4ms]
2024-03-04 21:59:44.176 [info] > git rev-parse --show-toplevel [11ms]
2024-03-04 21:59:44.190 [info] > git rev-parse --show-toplevel [3ms]
2024-03-04 21:59:44.211 [info] > git rev-parse --show-toplevel [10ms]
2024-03-04 21:59:44.225 [info] > git rev-parse --show-toplevel [2ms]
2024-03-04 21:59:44.237 [info] > git rev-parse --show-toplevel [3ms]
2024-03-04 21:59:44.248 [info] > git rev-parse --show-toplevel [2ms]
2024-03-04 21:59:44.260 [info] > git rev-parse --show-toplevel [2ms]
2024-03-04 21:59:44.274 [info] > git rev-parse --show-toplevel [2ms]
2024-03-04 21:59:44.286 [info] > git rev-parse --show-toplevel [2ms]
2024-03-04 21:59:44.299 [info] > git rev-parse --show-toplevel [2ms]
2024-03-04 21:59:44.313 [info] > git rev-parse --show-toplevel [2ms]
2024-03-04 21:59:44.325 [info] > git rev-parse --show-toplevel [2ms]
2024-03-04 21:59:44.335 [info] > git rev-parse --show-toplevel [2ms]
2024-03-04 21:59:44.346 [info] > git rev-parse --show-toplevel [1ms]
2024-03-04 21:59:44.356 [info] > git rev-parse --show-toplevel [2ms]
2024-03-04 21:59:44.428 [info] > git for-each-ref --format=%(refname)%00%(upstream:short)%00%(objectname)%00%(upstream:track)%00%(upstream:remotename)%00%(upstream:remoteref) refs/heads/main refs/remotes/main [294ms]
2024-03-04 21:59:44.634 [info] > git check-ignore -v -z --stdin [7ms]
2024-03-04 21:59:44.663 [info] > git status -z -uall [223ms]
2024-03-04 21:59:44.736 [info] > git config --get commit.template [14ms]
2024-03-04 21:59:44.757 [info] > git for-each-ref --format=%(refname)%00%(upstream:short)%00%(objectname)%00%(upstream:track)%00%(upstream:remotename)%00%(upstream:remoteref) refs/heads/main refs/remotes/main [4ms]
2024-03-04 21:59:44.844 [info] > git status -z -uall [75ms]
2024-03-04 21:59:46.471 [info] > git config --get commit.template [28ms]
2024-03-04 21:59:46.483 [info] > git for-each-ref --format=%(refname)%00%(upstream:short)%00%(objectname)%00%(upstream:track)%00%(upstream:remotename)%00%(upstream:remoteref) refs/heads/main refs/remotes/main [2ms]
2024-03-04 21:59:46.496 [info] > git status -z -uall [4ms]
2024-03-04 21:59:48.106 [info] > git show --textconv :index.js [22ms]
2024-03-04 21:59:48.118 [info] > git ls-files --stage -- /home/noah/Documents/GitHub/FinancasConsole-Web2-TADS4/index.js [16ms]
2024-03-04 21:59:48.137 [info] > git cat-file -s 557bcc6b7ff1e99c0d939ea3fa87db7c3016e1f7 [7ms]
2024-03-04 21:59:49.695 [info] > git show --textconv :languagepacks.json [32ms]
2024-03-04 21:59:49.702 [info] > git ls-files --stage -- /home/noah/Documents/GitHub/FinancasConsole-Web2-TADS4/languagepacks.json [11ms]
2024-03-04 21:59:52.239 [info] > git config --get commit.template [462ms]
2024-03-04 21:59:52.240 [info] > git ls-files --stage -- /home/noah/Documents/GitHub/FinancasConsole-Web2-TADS4/index.js [350ms]
2024-03-04 21:59:52.252 [info] > git for-each-ref --format=%(refname)%00%(upstream:short)%00%(objectname)%00%(upstream:track)%00%(upstream:remotename)%00%(upstream:remoteref) refs/heads/main refs/remotes/main [400ms]
2024-03-04 21:59:52.371 [info] > git show --textconv :index.js [501ms]
2024-03-04 21:59:52.371 [info] > git cat-file -s 557bcc6b7ff1e99c0d939ea3fa87db7c3016e1f7 [120ms]
2024-03-04 21:59:52.432 [info] > git status -z -uall [167ms]
2024-03-04 21:59:53.864 [info] > git show --textconv :myAccount.js [25ms]
2024-03-04 21:59:53.879 [info] > git ls-files --stage -- /home/noah/Documents/GitHub/FinancasConsole-Web2-TADS4/myAccount.js [18ms]
2024-03-04 21:59:53.916 [info] > git cat-file -s 4c9f2b365304d4df3d369d0774b9f6204ebec097 [5ms]
2024-03-04 21:59:57.496 [info] > git config --get commit.template [16ms]
2024-03-04 21:59:57.497 [info] > git for-each-ref --format=%(refname)%00%(upstream:short)%00%(objectname)%00%(upstream:track)%00%(upstream:remotename)%00%(upstream:remoteref) refs/heads/main refs/remotes/main [3ms]
2024-03-04 21:59:57.517 [info] > git status -z -uall [5ms]
2024-03-04 22:00:02.615 [info] > git config --get commit.template [43ms]
2024-03-04 22:00:02.616 [info] > git for-each-ref --format=%(refname)%00%(upstream:short)%00%(objectname)%00%(upstream:track)%00%(upstream:remotename)%00%(upstream:remoteref) refs/heads/main refs/remotes/main [28ms]
2024-03-04 22:00:02.673 [info] > git status -z -uall [44ms]
2024-03-04 22:00:07.729 [info] > git config --get commit.template [24ms]
2024-03-04 22:00:07.731 [info] > git for-each-ref --format=%(refname)%00%(upstream:short)%00%(objectname)%00%(upstream:track)%00%(upstream:remotename)%00%(upstream:remoteref) refs/heads/main refs/remotes/main [4ms]
2024-03-04 22:00:07.762 [info] > git status -z -uall [10ms]
2024-03-04 22:00:55.272 [info] > git config --get commit.template [14ms]
2024-03-04 22:00:55.303 [info] > git for-each-ref --format=%(refname)%00%(upstream:short)%00%(objectname)%00%(upstream:track)%00%(upstream:remotename)%00%(upstream:remoteref) refs/heads/main refs/remotes/main [6ms]
2024-03-04 22:00:55.328 [info] > git status -z -uall [4ms]
2024-03-04 22:01:00.388 [info] > git config --get commit.template [22ms]
2024-03-04 22:01:00.390 [info] > git for-each-ref --format=%(refname)%00%(upstream:short)%00%(objectname)%00%(upstream:track)%00%(upstream:remotename)%00%(upstream:remoteref) refs/heads/main refs/remotes/main [4ms]
2024-03-04 22:01:00.419 [info] > git status -z -uall [9ms]
2024-03-04 22:01:05.486 [info] > git config --get commit.template [22ms]
2024-03-04 22:01:05.488 [info] > git for-each-ref --format=%(refname)%00%(upstream:short)%00%(objectname)%00%(upstream:track)%00%(upstream:remotename)%00%(upstream:remoteref) refs/heads/main refs/remotes/main [4ms]
2024-03-04 22:01:05.518 [info] > git status -z -uall [10ms]
2024-03-04 22:01:13.395 [info] > git config --get commit.template [38ms]
2024-03-04 22:01:13.419 [info] > git for-each-ref --format=%(refname)%00%(upstream:short)%00%(objectname)%00%(upstream:track)%00%(upstream:remotename)%00%(upstream:remoteref) refs/heads/main refs/remotes/main [5ms]
2024-03-04 22:01:13.450 [info] > git status -z -uall [11ms]
2024-03-04 22:01:19.265 [info] > git config --get commit.template [13ms]
2024-03-04 22:01:19.267 [info] > git for-each-ref --format=%(refname)%00%(upstream:short)%00%(objectname)%00%(upstream:track)%00%(upstream:remotename)%00%(upstream:remoteref) refs/heads/main refs/remotes/main [3ms]
2024-03-04 22:01:19.284 [info] > git status -z -uall [5ms]
2024-03-04 22:01:24.345 [info] > git config --get commit.template [22ms]
2024-03-04 22:01:24.347 [info] > git for-each-ref --format=%(refname)%00%(upstream:short)%00%(objectname)%00%(upstream:track)%00%(upstream:remotename)%00%(upstream:remoteref) refs/heads/main refs/remotes/main [4ms]
2024-03-04 22:01:24.376 [info] > git status -z -uall [9ms]
2024-03-04 22:01:29.441 [info] > git config --get commit.template [23ms]
2024-03-04 22:01:29.443 [info] > git for-each-ref --format=%(refname)%00%(upstream:short)%00%(objectname)%00%(upstream:track)%00%(upstream:remotename)%00%(upstream:remoteref) refs/heads/main refs/remotes/main [4ms]
2024-03-04 22:01:29.469 [info] > git status -z -uall [7ms]
2024-03-04 22:01:37.018 [info] > git config --get commit.template [23ms]
2024-03-04 22:01:37.021 [info] > git for-each-ref --format=%(refname)%00%(upstream:short)%00%(objectname)%00%(upstream:track)%00%(upstream:remotename)%00%(upstream:remoteref) refs/heads/main refs/remotes/main [5ms]
2024-03-04 22:01:37.052 [info] > git status -z -uall [12ms]
2024-03-04 22:01:42.096 [info] > git config --get commit.template [5ms]
2024-03-04 22:01:42.120 [info] > git for-each-ref --format=%(refname)%00%(upstream:short)%00%(objectname)%00%(upstream:track)%00%(upstream:remotename)%00%(upstream:remoteref) refs/heads/main refs/remotes/main [4ms]
2024-03-04 22:01:42.149 [info] > git status -z -uall [10ms]
2024-03-04 22:01:47.209 [info] > git config --get commit.template [22ms]
2024-03-04 22:01:47.212 [info] > git for-each-ref --format=%(refname)%00%(upstream:short)%00%(objectname)%00%(upstream:track)%00%(upstream:remotename)%00%(upstream:remoteref) refs/heads/main refs/remotes/main [4ms]
2024-03-04 22:01:47.238 [info] > git status -z -uall [9ms]
2024-03-04 22:01:52.303 [info] > git config --get commit.template [23ms]
2024-03-04 22:01:52.306 [info] > git for-each-ref --format=%(refname)%00%(upstream:short)%00%(objectname)%00%(upstream:track)%00%(upstream:remotename)%00%(upstream:remoteref) refs/heads/main refs/remotes/main [4ms]
2024-03-04 22:01:52.334 [info] > git status -z -uall [8ms]
2024-03-04 22:03:05.089 [info] > git config --get commit.template [30ms]
2024-03-04 22:03:05.092 [info] > git for-each-ref --format=%(refname)%00%(upstream:short)%00%(objectname)%00%(upstream:track)%00%(upstream:remotename)%00%(upstream:remoteref) refs/heads/main refs/remotes/main [5ms]
2024-03-04 22:03:05.120 [info] > git status -z -uall [12ms]
2024-03-04 22:03:10.174 [info] > git config --get commit.template [21ms]
2024-03-04 22:03:10.176 [info] > git for-each-ref --format=%(refname)%00%(upstream:short)%00%(objectname)%00%(upstream:track)%00%(upstream:remotename)%00%(upstream:remoteref) refs/heads/main refs/remotes/main [3ms]
2024-03-04 22:03:10.199 [info] > git status -z -uall [7ms]
2024-03-04 22:03:15.242 [info] > git config --get commit.template [9ms]
2024-03-04 22:03:15.271 [info] > git for-each-ref --format=%(refname)%00%(upstream:short)%00%(objectname)%00%(upstream:track)%00%(upstream:remotename)%00%(upstream:remoteref) refs/heads/main refs/remotes/main [7ms]
2024-03-04 22:03:15.293 [info] > git status -z -uall [5ms]
2024-03-04 22:03:20.337 [info] > git config --get commit.template [14ms]
2024-03-04 22:03:20.339 [info] > git for-each-ref --format=%(refname)%00%(upstream:short)%00%(objectname)%00%(upstream:track)%00%(upstream:remotename)%00%(upstream:remoteref) refs/heads/main refs/remotes/main [4ms]
2024-03-04 22:03:20.359 [info] > git status -z -uall [4ms]
2024-03-04 22:03:25.389 [info] > git config --get commit.template [2ms]
2024-03-04 22:03:25.405 [info] > git for-each-ref --format=%(refname)%00%(upstream:short)%00%(objectname)%00%(upstream:track)%00%(upstream:remotename)%00%(upstream:remoteref) refs/heads/main refs/remotes/main [2ms]
2024-03-04 22:03:25.424 [info] > git status -z -uall [5ms]
2024-03-04 22:03:37.541 [info] > git for-each-ref --format=%(refname)%00%(upstream:short)%00%(objectname)%00%(upstream:track)%00%(upstream:remotename)%00%(upstream:remoteref) refs/heads/main refs/remotes/main [4ms]
2024-03-04 22:03:37.541 [info] > git config --get commit.template [24ms]
2024-03-04 22:03:37.568 [info] > git status -z -uall [10ms]
2024-03-04 22:03:42.632 [info] > git config --get commit.template [23ms]
2024-03-04 22:03:42.635 [info] > git for-each-ref --format=%(refname)%00%(upstream:short)%00%(objectname)%00%(upstream:track)%00%(upstream:remotename)%00%(upstream:remoteref) refs/heads/main refs/remotes/main [5ms]
2024-03-04 22:03:42.668 [info] > git status -z -uall [10ms]
2024-03-04 22:03:54.750 [info] > git config --get commit.template [15ms]
2024-03-04 22:03:54.751 [info] > git for-each-ref --format=%(refname)%00%(upstream:short)%00%(objectname)%00%(upstream:track)%00%(upstream:remotename)%00%(upstream:remoteref) refs/heads/main refs/remotes/main [4ms]
2024-03-04 22:03:54.768 [info] > git status -z -uall [5ms]
2024-03-04 22:03:59.823 [info] > git config --get commit.template [21ms]
2024-03-04 22:03:59.828 [info] > git for-each-ref --format=%(refname)%00%(upstream:short)%00%(objectname)%00%(upstream:track)%00%(upstream:remotename)%00%(upstream:remoteref) refs/heads/main refs/remotes/main [7ms]
2024-03-04 22:03:59.852 [info] > git status -z -uall [6ms]
2024-03-04 22:04:08.662 [info] > git config --get commit.template [18ms]
2024-03-04 22:04:08.663 [info] > git for-each-ref --format=%(refname)%00%(upstream:short)%00%(objectname)%00%(upstream:track)%00%(upstream:remotename)%00%(upstream:remoteref) refs/heads/main refs/remotes/main [3ms]
2024-03-04 22:04:08.684 [info] > git status -z -uall [6ms]
2024-03-04 22:04:13.723 [info] > git config --get commit.template [17ms]
2024-03-04 22:04:13.724 [info] > git for-each-ref --format=%(refname)%00%(upstream:short)%00%(objectname)%00%(upstream:track)%00%(upstream:remotename)%00%(upstream:remoteref) refs/heads/main refs/remotes/main [3ms]
2024-03-04 22:04:13.745 [info] > git status -z -uall [4ms]
2024-03-04 22:04:18.768 [info] > git config --get commit.template [2ms]
2024-03-04 22:04:18.787 [info] > git for-each-ref --format=%(refname)%00%(upstream:short)%00%(objectname)%00%(upstream:track)%00%(upstream:remotename)%00%(upstream:remoteref) refs/heads/main refs/remotes/main [5ms]
2024-03-04 22:04:18.813 [info] > git status -z -uall [6ms]
2024-03-04 22:04:23.845 [info] > git config --get commit.template [5ms]
2024-03-04 22:04:23.860 [info] > git for-each-ref --format=%(refname)%00%(upstream:short)%00%(objectname)%00%(upstream:track)%00%(upstream:remotename)%00%(upstream:remoteref) refs/heads/main refs/remotes/main [1ms]
2024-03-04 22:04:23.876 [info] > git status -z -uall [4ms]
2024-03-04 22:04:28.928 [info] > git config --get commit.template [21ms]
2024-03-04 22:04:28.931 [info] > git for-each-ref --format=%(refname)%00%(upstream:short)%00%(objectname)%00%(upstream:track)%00%(upstream:remotename)%00%(upstream:remoteref) refs/heads/main refs/remotes/main [4ms]
2024-03-04 22:04:28.956 [info] > git status -z -uall [8ms]
2024-03-04 22:05:51.811 [info] > git config --get commit.template [30ms]
2024-03-04 22:05:51.832 [info] > git for-each-ref --format=%(refname)%00%(upstream:short)%00%(objectname)%00%(upstream:track)%00%(upstream:remotename)%00%(upstream:remoteref) refs/heads/main refs/remotes/main [22ms]
2024-03-04 22:05:51.881 [info] > git status -z -uall [32ms]
2024-03-04 22:05:56.939 [info] > git config --get commit.template [25ms]
2024-03-04 22:05:56.941 [info] > git for-each-ref --format=%(refname)%00%(upstream:short)%00%(objectname)%00%(upstream:track)%00%(upstream:remotename)%00%(upstream:remoteref) refs/heads/main refs/remotes/main [3ms]
2024-03-04 22:05:56.964 [info] > git status -z -uall [7ms]
2024-03-04 22:06:02.009 [info] > git config --get commit.template [17ms]
2024-03-04 22:06:02.011 [info] > git for-each-ref --format=%(refname)%00%(upstream:short)%00%(objectname)%00%(upstream:track)%00%(upstream:remotename)%00%(upstream:remoteref) refs/heads/main refs/remotes/main [4ms]
2024-03-04 22:06:02.041 [info] > git status -z -uall [10ms]
2024-03-04 22:06:15.753 [info] > git config --get commit.template [17ms]
2024-03-04 22:06:15.755 [info] > git for-each-ref --format=%(refname)%00%(upstream:short)%00%(objectname)%00%(upstream:track)%00%(upstream:remotename)%00%(upstream:remoteref) refs/heads/main refs/remotes/main [2ms]
2024-03-04 22:06:15.770 [info] > git status -z -uall [4ms]
2024-03-04 22:06:20.828 [info] > git config --get commit.template [28ms]
2024-03-04 22:06:20.831 [info] > git for-each-ref --format=%(refname)%00%(upstream:short)%00%(objectname)%00%(upstream:track)%00%(upstream:remotename)%00%(upstream:remoteref) refs/heads/main refs/remotes/main [4ms]
2024-03-04 22:06:20.861 [info] > git status -z -uall [9ms]
2024-03-04 22:06:25.925 [info] > git config --get commit.template [24ms]
2024-03-04 22:06:25.928 [info] > git for-each-ref --format=%(refname)%00%(upstream:short)%00%(objectname)%00%(upstream:track)%00%(upstream:remotename)%00%(upstream:remoteref) refs/heads/main refs/remotes/main [4ms]
2024-03-04 22:06:25.958 [info] > git status -z -uall [9ms]
2024-03-04 22:06:31.014 [info] > git config --get commit.template [20ms]
2024-03-04 22:06:31.017 [info] > git for-each-ref --format=%(refname)%00%(upstream:short)%00%(objectname)%00%(upstream:track)%00%(upstream:remotename)%00%(upstream:remoteref) refs/heads/main refs/remotes/main [4ms]
2024-03-04 22:06:31.035 [info] > git status -z -uall [5ms]
2024-03-04 22:06:38.383 [info] > git config --get commit.template [6ms]
2024-03-04 22:06:38.414 [info] > git for-each-ref --format=%(refname)%00%(upstream:short)%00%(objectname)%00%(upstream:track)%00%(upstream:remotename)%00%(upstream:remoteref) refs/heads/main refs/remotes/main [3ms]
2024-03-04 22:06:38.448 [info] > git status -z -uall [6ms]
2024-03-04 22:06:43.505 [info] > git config --get commit.template [17ms]
2024-03-04 22:06:43.506 [info] > git for-each-ref --format=%(refname)%00%(upstream:short)%00%(objectname)%00%(upstream:track)%00%(upstream:remotename)%00%(upstream:remoteref) refs/heads/main refs/remotes/main [3ms]
2024-03-04 22:06:43.524 [info] > git status -z -uall [6ms]
2024-03-04 22:06:48.569 [info] > git config --get commit.template [7ms]
2024-03-04 22:06:48.586 [info] > git for-each-ref --format=%(refname)%00%(upstream:short)%00%(objectname)%00%(upstream:track)%00%(upstream:remotename)%00%(upstream:remoteref) refs/heads/main refs/remotes/main [2ms]
2024-03-04 22:06:48.602 [info] > git status -z -uall [5ms]
2024-03-04 22:06:53.659 [info] > git config --get commit.template [24ms]
2024-03-04 22:06:53.661 [info] > git for-each-ref --format=%(refname)%00%(upstream:short)%00%(objectname)%00%(upstream:track)%00%(upstream:remotename)%00%(upstream:remoteref) refs/heads/main refs/remotes/main [4ms]
2024-03-04 22:06:53.691 [info] > git status -z -uall [10ms]
2024-03-04 22:07:06.451 [info] > git config --get commit.template [34ms]
2024-03-04 22:07:06.454 [info] > git for-each-ref --format=%(refname)%00%(upstream:short)%00%(objectname)%00%(upstream:track)%00%(upstream:remotename)%00%(upstream:remoteref) refs/heads/main refs/remotes/main [5ms]
2024-03-04 22:07:06.499 [info] > git status -z -uall [22ms]
2024-03-04 22:07:34.854 [info] > git config --get commit.template [44ms]
2024-03-04 22:07:34.866 [info] > git for-each-ref --format=%(refname)%00%(upstream:short)%00%(objectname)%00%(upstream:track)%00%(upstream:remotename)%00%(upstream:remoteref) refs/heads/main refs/remotes/main [15ms]
2024-03-04 22:07:34.901 [info] > git status -z -uall [19ms]
2024-03-04 22:07:40.687 [info] > git config --get commit.template [22ms]
2024-03-04 22:07:40.689 [info] > git for-each-ref --format=%(refname)%00%(upstream:short)%00%(objectname)%00%(upstream:track)%00%(upstream:remotename)%00%(upstream:remoteref) refs/heads/main refs/remotes/main [3ms]
2024-03-04 22:07:40.715 [info] > git status -z -uall [8ms]
2024-03-04 22:07:54.461 [info] > git config --get commit.template [17ms]
2024-03-04 22:07:54.463 [info] > git for-each-ref --format=%(refname)%00%(upstream:short)%00%(objectname)%00%(upstream:track)%00%(upstream:remotename)%00%(upstream:remoteref) refs/heads/main refs/remotes/main [4ms]
2024-03-04 22:07:54.482 [info] > git status -z -uall [4ms]
2024-03-04 22:08:09.668 [info] > git config --get commit.template [7ms]
2024-03-04 22:08:09.689 [info] > git for-each-ref --format=%(refname)%00%(upstream:short)%00%(objectname)%00%(upstream:track)%00%(upstream:remotename)%00%(upstream:remoteref) refs/heads/main refs/remotes/main [5ms]
2024-03-04 22:08:09.716 [info] > git status -z -uall [9ms]
2024-03-04 22:08:14.758 [info] > git config --get commit.template [3ms]
2024-03-04 22:08:14.779 [info] > git for-each-ref --format=%(refname)%00%(upstream:short)%00%(objectname)%00%(upstream:track)%00%(upstream:remotename)%00%(upstream:remoteref) refs/heads/main refs/remotes/main [3ms]
2024-03-04 22:08:14.807 [info] > git status -z -uall [6ms]
2024-03-04 22:08:19.869 [info] > git config --get commit.template [23ms]
2024-03-04 22:08:19.873 [info] > git for-each-ref --format=%(refname)%00%(upstream:short)%00%(objectname)%00%(upstream:track)%00%(upstream:remotename)%00%(upstream:remoteref) refs/heads/main refs/remotes/main [5ms]
2024-03-04 22:08:19.900 [info] > git status -z -uall [7ms]
2024-03-04 22:08:27.463 [info] > git config --get commit.template [20ms]
2024-03-04 22:08:27.465 [info] > git for-each-ref --format=%(refname)%00%(upstream:short)%00%(objectname)%00%(upstream:track)%00%(upstream:remotename)%00%(upstream:remoteref) refs/heads/main refs/remotes/main [4ms]
2024-03-04 22:08:27.493 [info] > git status -z -uall [10ms]
2024-03-04 22:08:32.526 [info] > git config --get commit.template [2ms]
2024-03-04 22:08:32.542 [info] > git for-each-ref --format=%(refname)%00%(upstream:short)%00%(objectname)%00%(upstream:track)%00%(upstream:remotename)%00%(upstream:remoteref) refs/heads/main refs/remotes/main [2ms]
2024-03-04 22:08:32.563 [info] > git status -z -uall [6ms]
2024-03-04 22:08:37.619 [info] > git config --get commit.template [20ms]
2024-03-04 22:08:37.621 [info] > git for-each-ref --format=%(refname)%00%(upstream:short)%00%(objectname)%00%(upstream:track)%00%(upstream:remotename)%00%(upstream:remoteref) refs/heads/main refs/remotes/main [4ms]
2024-03-04 22:08:37.644 [info] > git status -z -uall [5ms]
2024-03-04 22:08:42.701 [info] > git for-each-ref --format=%(refname)%00%(upstream:short)%00%(objectname)%00%(upstream:track)%00%(upstream:remotename)%00%(upstream:remoteref) refs/heads/main refs/remotes/main [5ms]
2024-03-04 22:08:42.701 [info] > git config --get commit.template [23ms]
2024-03-04 22:08:42.726 [info] > git status -z -uall [9ms]
2024-03-04 22:08:47.759 [info] > git config --get commit.template [1ms]
2024-03-04 22:08:47.779 [info] > git for-each-ref --format=%(refname)%00%(upstream:short)%00%(objectname)%00%(upstream:track)%00%(upstream:remotename)%00%(upstream:remoteref) refs/heads/main refs/remotes/main [2ms]
2024-03-04 22:08:47.805 [info] > git status -z -uall [9ms]
2024-03-04 22:08:52.858 [info] > git config --get commit.template [20ms]
2024-03-04 22:08:52.861 [info] > git for-each-ref --format=%(refname)%00%(upstream:short)%00%(objectname)%00%(upstream:track)%00%(upstream:remotename)%00%(upstream:remoteref) refs/heads/main refs/remotes/main [4ms]
2024-03-04 22:08:52.894 [info] > git status -z -uall [14ms]
2024-03-04 22:08:57.937 [info] > git config --get commit.template [4ms]
2024-03-04 22:08:57.956 [info] > git for-each-ref --format=%(refname)%00%(upstream:short)%00%(objectname)%00%(upstream:track)%00%(upstream:remotename)%00%(upstream:remoteref) refs/heads/main refs/remotes/main [2ms]
2024-03-04 22:08:57.977 [info] > git status -z -uall [5ms]
2024-03-04 22:09:05.654 [info] > git config --get commit.template [21ms]
2024-03-04 22:09:05.656 [info] > git for-each-ref --format=%(refname)%00%(upstream:short)%00%(objectname)%00%(upstream:track)%00%(upstream:remotename)%00%(upstream:remoteref) refs/heads/main refs/remotes/main [4ms]
2024-03-04 22:09:05.683 [info] > git status -z -uall [9ms]
2024-03-04 22:09:10.741 [info] > git config --get commit.template [19ms]
2024-03-04 22:09:10.743 [info] > git for-each-ref --format=%(refname)%00%(upstream:short)%00%(objectname)%00%(upstream:track)%00%(upstream:remotename)%00%(upstream:remoteref) refs/heads/main refs/remotes/main [3ms]
2024-03-04 22:09:10.773 [info] > git status -z -uall [10ms]
2024-03-04 22:09:15.828 [info] > git config --get commit.template [15ms]
2024-03-04 22:09:15.829 [info] > git for-each-ref --format=%(refname)%00%(upstream:short)%00%(objectname)%00%(upstream:track)%00%(upstream:remotename)%00%(upstream:remoteref) refs/heads/main refs/remotes/main [3ms]
2024-03-04 22:09:15.847 [info] > git status -z -uall [5ms]
2024-03-04 22:09:20.899 [info] > git config --get commit.template [20ms]
2024-03-04 22:09:20.901 [info] > git for-each-ref --format=%(refname)%00%(upstream:short)%00%(objectname)%00%(upstream:track)%00%(upstream:remotename)%00%(upstream:remoteref) refs/heads/main refs/remotes/main [4ms]
2024-03-04 22:09:20.929 [info] > git status -z -uall [10ms]
2024-03-04 22:09:25.981 [info] > git config --get commit.template [19ms]
2024-03-04 22:09:25.983 [info] > git for-each-ref --format=%(refname)%00%(upstream:short)%00%(objectname)%00%(upstream:track)%00%(upstream:remotename)%00%(upstream:remoteref) refs/heads/main refs/remotes/main [3ms]
2024-03-04 22:09:26.007 [info] > git status -z -uall [6ms]
2024-03-04 22:09:31.062 [info] > git config --get commit.template [10ms]
2024-03-04 22:09:31.084 [info] > git for-each-ref --format=%(refname)%00%(upstream:short)%00%(objectname)%00%(upstream:track)%00%(upstream:remotename)%00%(upstream:remoteref) refs/heads/main refs/remotes/main [4ms]
2024-03-04 22:09:31.112 [info] > git status -z -uall [9ms]
2024-03-04 22:09:36.729 [info] > git config --get commit.template [22ms]
2024-03-04 22:09:36.731 [info] > git for-each-ref --format=%(refname)%00%(upstream:short)%00%(objectname)%00%(upstream:track)%00%(upstream:remotename)%00%(upstream:remoteref) refs/heads/main refs/remotes/main [4ms]
2024-03-04 22:09:36.759 [info] > git status -z -uall [9ms]
2024-03-04 22:09:41.799 [info] > git config --get commit.template [13ms]
2024-03-04 22:09:41.801 [info] > git for-each-ref --format=%(refname)%00%(upstream:short)%00%(objectname)%00%(upstream:track)%00%(upstream:remotename)%00%(upstream:remoteref) refs/heads/main refs/remotes/main [2ms]
2024-03-04 22:09:41.817 [info] > git status -z -uall [5ms]
2024-03-04 22:09:49.522 [info] > git config --get commit.template [17ms]
2024-03-04 22:09:49.523 [info] > git for-each-ref --format=%(refname)%00%(upstream:short)%00%(objectname)%00%(upstream:track)%00%(upstream:remotename)%00%(upstream:remoteref) refs/heads/main refs/remotes/main [3ms]
2024-03-04 22:09:49.552 [info] > git status -z -uall [11ms]
2024-03-04 22:09:54.609 [info] > git config --get commit.template [22ms]
2024-03-04 22:09:54.611 [info] > git for-each-ref --format=%(refname)%00%(upstream:short)%00%(objectname)%00%(upstream:track)%00%(upstream:remotename)%00%(upstream:remoteref) refs/heads/main refs/remotes/main [4ms]
2024-03-04 22:09:54.640 [info] > git status -z -uall [10ms]
2024-03-04 22:09:59.698 [info] > git config --get commit.template [23ms]
2024-03-04 22:09:59.701 [info] > git for-each-ref --format=%(refname)%00%(upstream:short)%00%(objectname)%00%(upstream:track)%00%(upstream:remotename)%00%(upstream:remoteref) refs/heads/main refs/remotes/main [4ms]
2024-03-04 22:09:59.733 [info] > git status -z -uall [12ms]
2024-03-04 22:10:04.786 [info] > git config --get commit.template [21ms]
2024-03-04 22:10:04.788 [info] > git for-each-ref --format=%(refname)%00%(upstream:short)%00%(objectname)%00%(upstream:track)%00%(upstream:remotename)%00%(upstream:remoteref) refs/heads/main refs/remotes/main [3ms]
2024-03-04 22:10:04.816 [info] > git status -z -uall [9ms]
2024-03-04 22:10:09.877 [info] > git config --get commit.template [23ms]
2024-03-04 22:10:09.879 [info] > git for-each-ref --format=%(refname)%00%(upstream:short)%00%(objectname)%00%(upstream:track)%00%(upstream:remotename)%00%(upstream:remoteref) refs/heads/main refs/remotes/main [4ms]
2024-03-04 22:10:09.910 [info] > git status -z -uall [10ms]
2024-03-04 22:10:18.894 [info] > git config --get commit.template [24ms]
2024-03-04 22:10:18.896 [info] > git for-each-ref --format=%(refname)%00%(upstream:short)%00%(objectname)%00%(upstream:track)%00%(upstream:remotename)%00%(upstream:remoteref) refs/heads/main refs/remotes/main [5ms]
2024-03-04 22:10:18.928 [info] > git status -z -uall [10ms]
2024-03-04 22:10:23.984 [info] > git config --get commit.template [18ms]
2024-03-04 22:10:23.985 [info] > git for-each-ref --format=%(refname)%00%(upstream:short)%00%(objectname)%00%(upstream:track)%00%(upstream:remotename)%00%(upstream:remoteref) refs/heads/main refs/remotes/main [3ms]
2024-03-04 22:10:24.005 [info] > git status -z -uall [5ms]
2024-03-04 22:11:11.653 [info] > git config --get commit.template [25ms]
2024-03-04 22:11:11.654 [info] > git for-each-ref --format=%(refname)%00%(upstream:short)%00%(objectname)%00%(upstream:track)%00%(upstream:remotename)%00%(upstream:remoteref) refs/heads/main refs/remotes/main [3ms]
2024-03-04 22:11:11.680 [info] > git status -z -uall [7ms]
2024-03-04 22:11:16.744 [info] > git config --get commit.template [23ms]
2024-03-04 22:11:16.745 [info] > git for-each-ref --format=%(refname)%00%(upstream:short)%00%(objectname)%00%(upstream:track)%00%(upstream:remotename)%00%(upstream:remoteref) refs/heads/main refs/remotes/main [3ms]
2024-03-04 22:11:16.776 [info] > git status -z -uall [9ms]
2024-03-04 22:11:40.722 [info] > git config --get commit.template [20ms]
2024-03-04 22:11:40.725 [info] > git for-each-ref --format=%(refname)%00%(upstream:short)%00%(objectname)%00%(upstream:track)%00%(upstream:remotename)%00%(upstream:remoteref) refs/heads/main refs/remotes/main [4ms]
2024-03-04 22:11:40.752 [info] > git status -z -uall [9ms]
2024-03-04 22:12:00.517 [info] > git config --get commit.template [48ms]
2024-03-04 22:12:00.521 [info] > git for-each-ref --format=%(refname)%00%(upstream:short)%00%(objectname)%00%(upstream:track)%00%(upstream:remotename)%00%(upstream:remoteref) refs/heads/main refs/remotes/main [5ms]
2024-03-04 22:12:00.557 [info] > git status -z -uall [15ms]
2024-03-04 22:12:11.678 [info] > git config --get commit.template [21ms]
2024-03-04 22:12:11.680 [info] > git for-each-ref --format=%(refname)%00%(upstream:short)%00%(objectname)%00%(upstream:track)%00%(upstream:remotename)%00%(upstream:remoteref) refs/heads/main refs/remotes/main [4ms]
2024-03-04 22:12:11.709 [info] > git status -z -uall [10ms]
2024-03-04 22:12:18.246 [info] > git config --get commit.template [5ms]
2024-03-04 22:12:18.271 [info] > git for-each-ref --format=%(refname)%00%(upstream:short)%00%(objectname)%00%(upstream:track)%00%(upstream:remotename)%00%(upstream:remoteref) refs/heads/main refs/remotes/main [4ms]
2024-03-04 22:12:18.304 [info] > git status -z -uall [10ms]
2024-03-04 22:12:23.365 [info] > git config --get commit.template [23ms]
2024-03-04 22:12:23.368 [info] > git for-each-ref --format=%(refname)%00%(upstream:short)%00%(objectname)%00%(upstream:track)%00%(upstream:remotename)%00%(upstream:remoteref) refs/heads/main refs/remotes/main [3ms]
2024-03-04 22:12:23.395 [info] > git status -z -uall [8ms]
2024-03-04 22:12:28.451 [info] > git config --get commit.template [20ms]
2024-03-04 22:12:28.453 [info] > git for-each-ref --format=%(refname)%00%(upstream:short)%00%(objectname)%00%(upstream:track)%00%(upstream:remotename)%00%(upstream:remoteref) refs/heads/main refs/remotes/main [4ms]
2024-03-04 22:12:28.481 [info] > git status -z -uall [9ms]
2024-03-04 22:12:33.702 [info] > git config --get commit.template [15ms]
2024-03-04 22:12:33.704 [info] > git for-each-ref --format=%(refname)%00%(upstream:short)%00%(objectname)%00%(upstream:track)%00%(upstream:remotename)%00%(upstream:remoteref) refs/heads/main refs/remotes/main [4ms]
2024-03-04 22:12:33.724 [info] > git status -z -uall [7ms]
2024-03-04 22:12:38.781 [info] > git config --get commit.template [24ms]
2024-03-04 22:12:38.784 [info] > git for-each-ref --format=%(refname)%00%(upstream:short)%00%(objectname)%00%(upstream:track)%00%(upstream:remotename)%00%(upstream:remoteref) refs/heads/main refs/remotes/main [5ms]
2024-03-04 22:12:38.814 [info] > git status -z -uall [9ms]
2024-03-04 22:13:22.509 [info] > git config --get commit.template [10ms]
2024-03-04 22:13:22.550 [info] > git for-each-ref --format=%(refname)%00%(upstream:short)%00%(objectname)%00%(upstream:track)%00%(upstream:remotename)%00%(upstream:remoteref) refs/heads/main refs/remotes/main [7ms]
2024-03-04 22:13:22.579 [info] > git status -z -uall [5ms]
2024-03-04 22:13:27.636 [info] > git config --get commit.template [23ms]
2024-03-04 22:13:27.638 [info] > git for-each-ref --format=%(refname)%00%(upstream:short)%00%(objectname)%00%(upstream:track)%00%(upstream:remotename)%00%(upstream:remoteref) refs/heads/main refs/remotes/main [4ms]
2024-03-04 22:13:27.663 [info] > git status -z -uall [7ms]
2024-03-04 22:13:32.700 [info] > git config --get commit.template [3ms]
2024-03-04 22:13:32.727 [info] > git for-each-ref --format=%(refname)%00%(upstream:short)%00%(objectname)%00%(upstream:track)%00%(upstream:remotename)%00%(upstream:remoteref) refs/heads/main refs/remotes/main [5ms]
2024-03-04 22:13:32.749 [info] > git status -z -uall [5ms]
2024-03-04 22:13:37.789 [info] > git config --get commit.template [6ms]
2024-03-04 22:13:37.814 [info] > git for-each-ref --format=%(refname)%00%(upstream:short)%00%(objectname)%00%(upstream:track)%00%(upstream:remotename)%00%(upstream:remoteref) refs/heads/main refs/remotes/main [4ms]
2024-03-04 22:13:37.842 [info] > git status -z -uall [9ms]
2024-03-04 22:14:03.011 [info] > git config --get commit.template [20ms]
2024-03-04 22:14:03.015 [info] > git for-each-ref --format=%(refname)%00%(upstream:short)%00%(objectname)%00%(upstream:track)%00%(upstream:remotename)%00%(upstream:remoteref) refs/heads/main refs/remotes/main [6ms]
2024-03-04 22:14:03.039 [info] > git status -z -uall [4ms]
2024-03-04 22:14:24.275 [info] > git config --get commit.template [8ms]
2024-03-04 22:14:24.299 [info] > git for-each-ref --format=%(refname)%00%(upstream:short)%00%(objectname)%00%(upstream:track)%00%(upstream:remotename)%00%(upstream:remoteref) refs/heads/main refs/remotes/main [5ms]
2024-03-04 22:14:24.323 [info] > git status -z -uall [9ms]
2024-03-04 22:14:29.383 [info] > git config --get commit.template [23ms]
2024-03-04 22:14:29.386 [info] > git for-each-ref --format=%(refname)%00%(upstream:short)%00%(objectname)%00%(upstream:track)%00%(upstream:remotename)%00%(upstream:remoteref) refs/heads/main refs/remotes/main [5ms]
2024-03-04 22:14:29.417 [info] > git status -z -uall [10ms]
2024-03-04 22:14:34.477 [info] > git config --get commit.template [19ms]
2024-03-04 22:14:34.478 [info] > git for-each-ref --format=%(refname)%00%(upstream:short)%00%(objectname)%00%(upstream:track)%00%(upstream:remotename)%00%(upstream:remoteref) refs/heads/main refs/remotes/main [2ms]
2024-03-04 22:14:34.497 [info] > git status -z -uall [5ms]
2024-03-04 22:14:39.555 [info] > git config --get commit.template [29ms]
2024-03-04 22:14:39.558 [info] > git for-each-ref --format=%(refname)%00%(upstream:short)%00%(objectname)%00%(upstream:track)%00%(upstream:remotename)%00%(upstream:remoteref) refs/heads/main refs/remotes/main [4ms]
2024-03-04 22:14:39.584 [info] > git status -z -uall [8ms]
2024-03-04 22:14:44.646 [info] > git config --get commit.template [26ms]
2024-03-04 22:14:44.648 [info] > git for-each-ref --format=%(refname)%00%(upstream:short)%00%(objectname)%00%(upstream:track)%00%(upstream:remotename)%00%(upstream:remoteref) refs/heads/main refs/remotes/main [6ms]
2024-03-04 22:14:44.672 [info] > git status -z -uall [6ms]
2024-03-04 22:14:58.450 [info] > git config --get commit.template [21ms]
2024-03-04 22:14:58.452 [info] > git for-each-ref --format=%(refname)%00%(upstream:short)%00%(objectname)%00%(upstream:track)%00%(upstream:remotename)%00%(upstream:remoteref) refs/heads/main refs/remotes/main [4ms]
2024-03-04 22:14:58.477 [info] > git status -z -uall [7ms]
2024-03-04 22:15:04.340 [info] > git config --get commit.template [24ms]
2024-03-04 22:15:04.342 [info] > git for-each-ref --format=%(refname)%00%(upstream:short)%00%(objectname)%00%(upstream:track)%00%(upstream:remotename)%00%(upstream:remoteref) refs/heads/main refs/remotes/main [5ms]
2024-03-04 22:15:04.369 [info] > git status -z -uall [7ms]
2024-03-04 22:15:09.426 [info] > git config --get commit.template [20ms]
2024-03-04 22:15:09.428 [info] > git for-each-ref --format=%(refname)%00%(upstream:short)%00%(objectname)%00%(upstream:track)%00%(upstream:remotename)%00%(upstream:remoteref) refs/heads/main refs/remotes/main [3ms]
2024-03-04 22:15:09.457 [info] > git status -z -uall [10ms]
2024-03-04 22:15:14.518 [info] > git config --get commit.template [22ms]
2024-03-04 22:15:14.520 [info] > git for-each-ref --format=%(refname)%00%(upstream:short)%00%(objectname)%00%(upstream:track)%00%(upstream:remotename)%00%(upstream:remoteref) refs/heads/main refs/remotes/main [3ms]
2024-03-04 22:15:14.544 [info] > git status -z -uall [8ms]
2024-03-04 22:15:19.582 [info] > git config --get commit.template [4ms]
2024-03-04 22:15:19.612 [info] > git for-each-ref --format=%(refname)%00%(upstream:short)%00%(objectname)%00%(upstream:track)%00%(upstream:remotename)%00%(upstream:remoteref) refs/heads/main refs/remotes/main [6ms]
2024-03-04 22:15:19.648 [info] > git status -z -uall [11ms]
2024-03-04 22:15:24.702 [info] > git config --get commit.template [17ms]
2024-03-04 22:15:24.703 [info] > git for-each-ref --format=%(refname)%00%(upstream:short)%00%(objectname)%00%(upstream:track)%00%(upstream:remotename)%00%(upstream:remoteref) refs/heads/main refs/remotes/main [3ms]
2024-03-04 22:15:24.733 [info] > git status -z -uall [11ms]
2024-03-04 22:15:29.783 [info] > git config --get commit.template [21ms]
2024-03-04 22:15:29.785 [info] > git for-each-ref --format=%(refname)%00%(upstream:short)%00%(objectname)%00%(upstream:track)%00%(upstream:remotename)%00%(upstream:remoteref) refs/heads/main refs/remotes/main [3ms]
2024-03-04 22:15:29.813 [info] > git status -z -uall [9ms]
2024-03-04 22:15:58.358 [info] > git config --get commit.template [19ms]
2024-03-04 22:15:58.361 [info] > git for-each-ref --format=%(refname)%00%(upstream:short)%00%(objectname)%00%(upstream:track)%00%(upstream:remotename)%00%(upstream:remoteref) refs/heads/main refs/remotes/main [5ms]
2024-03-04 22:15:58.383 [info] > git status -z -uall [7ms]
2024-03-04 22:16:20.577 [info] > git config --get commit.template [20ms]
2024-03-04 22:16:20.583 [info] > git for-each-ref --format=%(refname)%00%(upstream:short)%00%(objectname)%00%(upstream:track)%00%(upstream:remotename)%00%(upstream:remoteref) refs/heads/main refs/remotes/main [7ms]
2024-03-04 22:16:20.614 [info] > git status -z -uall [6ms]
2024-03-04 22:16:41.469 [info] > git config --get commit.template [4ms]
2024-03-04 22:16:41.496 [info] > git for-each-ref --format=%(refname)%00%(upstream:short)%00%(objectname)%00%(upstream:track)%00%(upstream:remotename)%00%(upstream:remoteref) refs/heads/main refs/remotes/main [8ms]
2024-03-04 22:16:41.529 [info] > git status -z -uall [14ms]
2024-03-04 22:16:46.566 [info] > git config --get commit.template [4ms]
2024-03-04 22:16:46.591 [info] > git for-each-ref --format=%(refname)%00%(upstream:short)%00%(objectname)%00%(upstream:track)%00%(upstream:remotename)%00%(upstream:remoteref) refs/heads/main refs/remotes/main [5ms]
2024-03-04 22:16:46.619 [info] > git status -z -uall [7ms]
2024-03-04 22:16:51.680 [info] > git config --get commit.template [21ms]
2024-03-04 22:16:51.683 [info] > git for-each-ref --format=%(refname)%00%(upstream:short)%00%(objectname)%00%(upstream:track)%00%(upstream:remotename)%00%(upstream:remoteref) refs/heads/main refs/remotes/main [4ms]
2024-03-04 22:16:51.710 [info] > git status -z -uall [9ms]
2024-03-04 22:16:56.753 [info] > git config --get commit.template [3ms]
2024-03-04 22:16:56.775 [info] > git for-each-ref --format=%(refname)%00%(upstream:short)%00%(objectname)%00%(upstream:track)%00%(upstream:remotename)%00%(upstream:remoteref) refs/heads/main refs/remotes/main [3ms]
2024-03-04 22:16:56.805 [info] > git status -z -uall [9ms]
2024-03-04 22:17:04.669 [info] > git config --get commit.template [12ms]
2024-03-04 22:17:04.670 [info] > git for-each-ref --format=%(refname)%00%(upstream:short)%00%(objectname)%00%(upstream:track)%00%(upstream:remotename)%00%(upstream:remoteref) refs/heads/main refs/remotes/main [2ms]
2024-03-04 22:17:04.686 [info] > git status -z -uall [5ms]
2024-03-04 22:17:09.723 [info] > git config --get commit.template [13ms]
2024-03-04 22:17:09.724 [info] > git for-each-ref --format=%(refname)%00%(upstream:short)%00%(objectname)%00%(upstream:track)%00%(upstream:remotename)%00%(upstream:remoteref) refs/heads/main refs/remotes/main [2ms]
2024-03-04 22:17:09.739 [info] > git status -z -uall [4ms]
2024-03-04 22:17:23.621 [info] > git config --get commit.template [24ms]
2024-03-04 22:17:23.624 [info] > git for-each-ref --format=%(refname)%00%(upstream:short)%00%(objectname)%00%(upstream:track)%00%(upstream:remotename)%00%(upstream:remoteref) refs/heads/main refs/remotes/main [6ms]
2024-03-04 22:17:23.651 [info] > git status -z -uall [8ms]
2024-03-04 22:17:28.721 [info] > git config --get commit.template [29ms]
2024-03-04 22:17:28.724 [info] > git for-each-ref --format=%(refname)%00%(upstream:short)%00%(objectname)%00%(upstream:track)%00%(upstream:remotename)%00%(upstream:remoteref) refs/heads/main refs/remotes/main [5ms]
2024-03-04 22:17:28.751 [info] > git status -z -uall [9ms]
2024-03-04 22:17:33.804 [info] > git config --get commit.template [21ms]
2024-03-04 22:17:33.806 [info] > git for-each-ref --format=%(refname)%00%(upstream:short)%00%(objectname)%00%(upstream:track)%00%(upstream:remotename)%00%(upstream:remoteref) refs/heads/main refs/remotes/main [4ms]
2024-03-04 22:17:33.836 [info] > git status -z -uall [11ms]
2024-03-04 22:17:38.888 [info] > git config --get commit.template [21ms]
2024-03-04 22:17:38.890 [info] > git for-each-ref --format=%(refname)%00%(upstream:short)%00%(objectname)%00%(upstream:track)%00%(upstream:remotename)%00%(upstream:remoteref) refs/heads/main refs/remotes/main [3ms]
2024-03-04 22:17:38.914 [info] > git status -z -uall [5ms]
2024-03-04 22:17:43.977 [info] > git config --get commit.template [24ms]
2024-03-04 22:17:43.980 [info] > git for-each-ref --format=%(refname)%00%(upstream:short)%00%(objectname)%00%(upstream:track)%00%(upstream:remotename)%00%(upstream:remoteref) refs/heads/main refs/remotes/main [4ms]
2024-03-04 22:17:44.014 [info] > git status -z -uall [13ms]
2024-03-04 22:17:49.077 [info] > git config --get commit.template [26ms]
2024-03-04 22:17:49.080 [info] > git for-each-ref --format=%(refname)%00%(upstream:short)%00%(objectname)%00%(upstream:track)%00%(upstream:remotename)%00%(upstream:remoteref) refs/heads/main refs/remotes/main [5ms]
2024-03-04 22:17:49.107 [info] > git status -z -uall [10ms]
2024-03-04 22:18:07.859 [info] > git config --get commit.template [3ms]
2024-03-04 22:18:07.892 [info] > git for-each-ref --format=%(refname)%00%(upstream:short)%00%(objectname)%00%(upstream:track)%00%(upstream:remotename)%00%(upstream:remoteref) refs/heads/main refs/remotes/main [1ms]
2024-03-04 22:18:07.919 [info] > git status -z -uall [8ms]
2024-03-04 22:19:03.071 [info] > git for-each-ref --format=%(refname)%00%(upstream:short)%00%(objectname)%00%(upstream:track)%00%(upstream:remotename)%00%(upstream:remoteref) refs/heads/main refs/remotes/main [3ms]
2024-03-04 22:19:03.072 [info] > git config --get commit.template [34ms]
2024-03-04 22:19:03.099 [info] > git status -z -uall [8ms]
2024-03-04 22:19:08.159 [info] > git config --get commit.template [24ms]
2024-03-04 22:19:08.161 [info] > git for-each-ref --format=%(refname)%00%(upstream:short)%00%(objectname)%00%(upstream:track)%00%(upstream:remotename)%00%(upstream:remoteref) refs/heads/main refs/remotes/main [4ms]
2024-03-04 22:19:08.192 [info] > git status -z -uall [10ms]
2024-03-04 22:19:13.262 [info] > git config --get commit.template [25ms]
2024-03-04 22:19:13.265 [info] > git for-each-ref --format=%(refname)%00%(upstream:short)%00%(objectname)%00%(upstream:track)%00%(upstream:remotename)%00%(upstream:remoteref) refs/heads/main refs/remotes/main [4ms]
2024-03-04 22:19:13.289 [info] > git status -z -uall [6ms]
2024-03-04 22:19:18.332 [info] > git config --get commit.template [4ms]
2024-03-04 22:19:18.356 [info] > git for-each-ref --format=%(refname)%00%(upstream:short)%00%(objectname)%00%(upstream:track)%00%(upstream:remotename)%00%(upstream:remoteref) refs/heads/main refs/remotes/main [5ms]
2024-03-04 22:19:18.379 [info] > git status -z -uall [5ms]
2024-03-04 22:19:23.433 [info] > git config --get commit.template [21ms]
2024-03-04 22:19:23.436 [info] > git for-each-ref --format=%(refname)%00%(upstream:short)%00%(objectname)%00%(upstream:track)%00%(upstream:remotename)%00%(upstream:remoteref) refs/heads/main refs/remotes/main [4ms]
2024-03-04 22:19:23.463 [info] > git status -z -uall [9ms]
2024-03-04 22:19:28.503 [info] > git config --get commit.template [2ms]
2024-03-04 22:19:28.529 [info] > git for-each-ref --format=%(refname)%00%(upstream:short)%00%(objectname)%00%(upstream:track)%00%(upstream:remotename)%00%(upstream:remoteref) refs/heads/main refs/remotes/main [2ms]
2024-03-04 22:19:28.553 [info] > git status -z -uall [4ms]
2024-03-04 22:19:33.620 [info] > git config --get commit.template [23ms]
2024-03-04 22:19:33.622 [info] > git for-each-ref --format=%(refname)%00%(upstream:short)%00%(objectname)%00%(upstream:track)%00%(upstream:remotename)%00%(upstream:remoteref) refs/heads/main refs/remotes/main [3ms]
2024-03-04 22:19:33.653 [info] > git status -z -uall [10ms]
2024-03-04 22:19:38.711 [info] > git config --get commit.template [21ms]
2024-03-04 22:19:38.714 [info] > git for-each-ref --format=%(refname)%00%(upstream:short)%00%(objectname)%00%(upstream:track)%00%(upstream:remotename)%00%(upstream:remoteref) refs/heads/main refs/remotes/main [5ms]
2024-03-04 22:19:38.743 [info] > git status -z -uall [10ms]
2024-03-04 22:19:43.805 [info] > git config --get commit.template [22ms]
2024-03-04 22:19:43.809 [info] > git for-each-ref --format=%(refname)%00%(upstream:short)%00%(objectname)%00%(upstream:track)%00%(upstream:remotename)%00%(upstream:remoteref) refs/heads/main refs/remotes/main [5ms]
2024-03-04 22:19:43.826 [info] > git status -z -uall [5ms]
2024-03-04 22:19:48.865 [info] > git config --get commit.template [4ms]
2024-03-04 22:19:48.886 [info] > git for-each-ref --format=%(refname)%00%(upstream:short)%00%(objectname)%00%(upstream:track)%00%(upstream:remotename)%00%(upstream:remoteref) refs/heads/main refs/remotes/main [1ms]
2024-03-04 22:19:48.907 [info] > git status -z -uall [4ms]
2024-03-04 22:19:53.970 [info] > git config --get commit.template [24ms]
2024-03-04 22:19:53.973 [info] > git for-each-ref --format=%(refname)%00%(upstream:short)%00%(objectname)%00%(upstream:track)%00%(upstream:remotename)%00%(upstream:remoteref) refs/heads/main refs/remotes/main [5ms]
2024-03-04 22:19:54.005 [info] > git status -z -uall [9ms]
2024-03-04 22:19:59.071 [info] > git config --get commit.template [24ms]
2024-03-04 22:19:59.074 [info] > git for-each-ref --format=%(refname)%00%(upstream:short)%00%(objectname)%00%(upstream:track)%00%(upstream:remotename)%00%(upstream:remoteref) refs/heads/main refs/remotes/main [4ms]
2024-03-04 22:19:59.105 [info] > git status -z -uall [10ms]
2024-03-04 22:20:04.167 [info] > git config --get commit.template [22ms]
2024-03-04 22:20:04.170 [info] > git for-each-ref --format=%(refname)%00%(upstream:short)%00%(objectname)%00%(upstream:track)%00%(upstream:remotename)%00%(upstream:remoteref) refs/heads/main refs/remotes/main [4ms]
2024-03-04 22:20:04.198 [info] > git status -z -uall [9ms]
2024-03-04 22:20:09.265 [info] > git config --get commit.template [25ms]
2024-03-04 22:20:09.267 [info] > git for-each-ref --format=%(refname)%00%(upstream:short)%00%(objectname)%00%(upstream:track)%00%(upstream:remotename)%00%(upstream:remoteref) refs/heads/main refs/remotes/main [4ms]
2024-03-04 22:20:09.297 [info] > git status -z -uall [9ms]
2024-03-04 22:20:14.387 [info] > git config --get commit.template [31ms]
2024-03-04 22:20:14.389 [info] > git for-each-ref --format=%(refname)%00%(upstream:short)%00%(objectname)%00%(upstream:track)%00%(upstream:remotename)%00%(upstream:remoteref) refs/heads/main refs/remotes/main [3ms]
2024-03-04 22:20:14.418 [info] > git status -z -uall [9ms]
2024-03-04 22:20:38.300 [info] > git config --get commit.template [6ms]
2024-03-04 22:20:38.326 [info] > git for-each-ref --format=%(refname)%00%(upstream:short)%00%(objectname)%00%(upstream:track)%00%(upstream:remotename)%00%(upstream:remoteref) refs/heads/main refs/remotes/main [6ms]
2024-03-04 22:20:38.367 [info] > git status -z -uall [14ms]
2024-03-04 22:21:16.942 [info] > git config --get commit.template [24ms]
2024-03-04 22:21:16.943 [info] > git for-each-ref --format=%(refname)%00%(upstream:short)%00%(objectname)%00%(upstream:track)%00%(upstream:remotename)%00%(upstream:remoteref) refs/heads/main refs/remotes/main [4ms]
2024-03-04 22:21:16.974 [info] > git status -z -uall [11ms]
2024-03-04 22:21:22.029 [info] > git config --get commit.template [23ms]
2024-03-04 22:21:22.031 [info] > git for-each-ref --format=%(refname)%00%(upstream:short)%00%(objectname)%00%(upstream:track)%00%(upstream:remotename)%00%(upstream:remoteref) refs/heads/main refs/remotes/main [4ms]
2024-03-04 22:21:22.060 [info] > git status -z -uall [10ms]
2024-03-04 22:21:27.116 [info] > git config --get commit.template [20ms]
2024-03-04 22:21:27.120 [info] > git for-each-ref --format=%(refname)%00%(upstream:short)%00%(objectname)%00%(upstream:track)%00%(upstream:remotename)%00%(upstream:remoteref) refs/heads/main refs/remotes/main [4ms]
2024-03-04 22:21:27.147 [info] > git status -z -uall [10ms]
2024-03-04 22:21:47.197 [info] > git config --get commit.template [27ms]
2024-03-04 22:21:47.202 [info] > git for-each-ref --format=%(refname)%00%(upstream:short)%00%(objectname)%00%(upstream:track)%00%(upstream:remotename)%00%(upstream:remoteref) refs/heads/main refs/remotes/main [7ms]
2024-03-04 22:21:47.240 [info] > git status -z -uall [5ms]
2024-03-04 22:21:52.299 [info] > git config --get commit.template [21ms]
2024-03-04 22:21:52.301 [info] > git for-each-ref --format=%(refname)%00%(upstream:short)%00%(objectname)%00%(upstream:track)%00%(upstream:remotename)%00%(upstream:remoteref) refs/heads/main refs/remotes/main [4ms]
2024-03-04 22:21:52.329 [info] > git status -z -uall [9ms]
2024-03-04 22:21:57.395 [info] > git config --get commit.template [24ms]
2024-03-04 22:21:57.398 [info] > git for-each-ref --format=%(refname)%00%(upstream:short)%00%(objectname)%00%(upstream:track)%00%(upstream:remotename)%00%(upstream:remoteref) refs/heads/main refs/remotes/main [4ms]
2024-03-04 22:21:57.430 [info] > git status -z -uall [11ms]
2024-03-04 22:22:02.486 [info] > git config --get commit.template [19ms]
2024-03-04 22:22:02.491 [info] > git for-each-ref --format=%(refname)%00%(upstream:short)%00%(objectname)%00%(upstream:track)%00%(upstream:remotename)%00%(upstream:remoteref) refs/heads/main refs/remotes/main [6ms]
2024-03-04 22:22:02.513 [info] > git status -z -uall [7ms]
2024-03-04 22:22:07.570 [info] > git config --get commit.template [21ms]
2024-03-04 22:22:07.572 [info] > git for-each-ref --format=%(refname)%00%(upstream:short)%00%(objectname)%00%(upstream:track)%00%(upstream:remotename)%00%(upstream:remoteref) refs/heads/main refs/remotes/main [4ms]
2024-03-04 22:22:07.600 [info] > git status -z -uall [9ms]
2024-03-04 22:22:12.662 [info] > git config --get commit.template [24ms]
2024-03-04 22:22:12.665 [info] > git for-each-ref --format=%(refname)%00%(upstream:short)%00%(objectname)%00%(upstream:track)%00%(upstream:remotename)%00%(upstream:remoteref) refs/heads/main refs/remotes/main [4ms]
2024-03-04 22:22:12.698 [info] > git status -z -uall [9ms]
2024-03-04 22:22:17.743 [info] > git config --get commit.template [4ms]
2024-03-04 22:22:17.771 [info] > git for-each-ref --format=%(refname)%00%(upstream:short)%00%(objectname)%00%(upstream:track)%00%(upstream:remotename)%00%(upstream:remoteref) refs/heads/main refs/remotes/main [5ms]
2024-03-04 22:22:17.803 [info] > git status -z -uall [10ms]
2024-03-04 22:22:22.870 [info] > git config --get commit.template [23ms]
2024-03-04 22:22:22.873 [info] > git for-each-ref --format=%(refname)%00%(upstream:short)%00%(objectname)%00%(upstream:track)%00%(upstream:remotename)%00%(upstream:remoteref) refs/heads/main refs/remotes/main [4ms]
2024-03-04 22:22:22.904 [info] > git status -z -uall [10ms]
2024-03-04 22:22:27.966 [info] > git config --get commit.template [20ms]
2024-03-04 22:22:27.968 [info] > git for-each-ref --format=%(refname)%00%(upstream:short)%00%(objectname)%00%(upstream:track)%00%(upstream:remotename)%00%(upstream:remoteref) refs/heads/main refs/remotes/main [3ms]
2024-03-04 22:22:27.995 [info] > git status -z -uall [8ms]
2024-03-04 22:22:33.055 [info] > git config --get commit.template [26ms]
2024-03-04 22:22:33.058 [info] > git for-each-ref --format=%(refname)%00%(upstream:short)%00%(objectname)%00%(upstream:track)%00%(upstream:remotename)%00%(upstream:remoteref) refs/heads/main refs/remotes/main [5ms]
2024-03-04 22:22:33.090 [info] > git status -z -uall [10ms]
2024-03-04 22:22:38.154 [info] > git config --get commit.template [24ms]
2024-03-04 22:22:38.156 [info] > git for-each-ref --format=%(refname)%00%(upstream:short)%00%(objectname)%00%(upstream:track)%00%(upstream:remotename)%00%(upstream:remoteref) refs/heads/main refs/remotes/main [5ms]
2024-03-04 22:22:38.174 [info] > git status -z -uall [5ms]
2024-03-04 22:22:43.237 [info] > git config --get commit.template [27ms]
2024-03-04 22:22:43.238 [info] > git for-each-ref --format=%(refname)%00%(upstream:short)%00%(objectname)%00%(upstream:track)%00%(upstream:remotename)%00%(upstream:remoteref) refs/heads/main refs/remotes/main [5ms]
2024-03-04 22:22:43.270 [info] > git status -z -uall [10ms]
2024-03-04 22:22:48.335 [info] > git config --get commit.template [24ms]
2024-03-04 22:22:48.338 [info] > git for-each-ref --format=%(refname)%00%(upstream:short)%00%(objectname)%00%(upstream:track)%00%(upstream:remotename)%00%(upstream:remoteref) refs/heads/main refs/remotes/main [5ms]
2024-03-04 22:22:48.369 [info] > git status -z -uall [10ms]
2024-03-04 22:22:53.413 [info] > git config --get commit.template [4ms]
2024-03-04 22:22:53.440 [info] > git for-each-ref --format=%(refname)%00%(upstream:short)%00%(objectname)%00%(upstream:track)%00%(upstream:remotename)%00%(upstream:remoteref) refs/heads/main refs/remotes/main [4ms]
2024-03-04 22:22:53.465 [info] > git status -z -uall [6ms]
2024-03-04 22:22:58.533 [info] > git config --get commit.template [25ms]
2024-03-04 22:22:58.535 [info] > git for-each-ref --format=%(refname)%00%(upstream:short)%00%(objectname)%00%(upstream:track)%00%(upstream:remotename)%00%(upstream:remoteref) refs/heads/main refs/remotes/main [5ms]
2024-03-04 22:22:58.566 [info] > git status -z -uall [10ms]
2024-03-04 22:23:13.659 [info] > git config --get commit.template [18ms]
2024-03-04 22:23:13.662 [info] > git for-each-ref --format=%(refname)%00%(upstream:short)%00%(objectname)%00%(upstream:track)%00%(upstream:remotename)%00%(upstream:remoteref) refs/heads/main refs/remotes/main [4ms]
2024-03-04 22:23:13.689 [info] > git status -z -uall [8ms]
2024-03-04 22:23:18.755 [info] > git for-each-ref --format=%(refname)%00%(upstream:short)%00%(objectname)%00%(upstream:track)%00%(upstream:remotename)%00%(upstream:remoteref) refs/heads/main refs/remotes/main [5ms]
2024-03-04 22:23:18.756 [info] > git config --get commit.template [25ms]
2024-03-04 22:23:18.784 [info] > git status -z -uall [9ms]
2024-03-04 22:23:23.848 [info] > git config --get commit.template [25ms]
2024-03-04 22:23:23.851 [info] > git for-each-ref --format=%(refname)%00%(upstream:short)%00%(objectname)%00%(upstream:track)%00%(upstream:remotename)%00%(upstream:remoteref) refs/heads/main refs/remotes/main [5ms]
2024-03-04 22:23:23.877 [info] > git status -z -uall [7ms]
2024-03-04 22:23:35.657 [info] > git config --get commit.template [32ms]
2024-03-04 22:23:35.661 [info] > git for-each-ref --format=%(refname)%00%(upstream:short)%00%(objectname)%00%(upstream:track)%00%(upstream:remotename)%00%(upstream:remoteref) refs/heads/main refs/remotes/main [6ms]
2024-03-04 22:23:35.707 [info] > git status -z -uall [16ms]
2024-03-04 22:23:40.749 [info] > git config --get commit.template [5ms]
2024-03-04 22:23:40.780 [info] > git for-each-ref --format=%(refname)%00%(upstream:short)%00%(objectname)%00%(upstream:track)%00%(upstream:remotename)%00%(upstream:remoteref) refs/heads/main refs/remotes/main [16ms]
2024-03-04 22:23:40.804 [info] > git status -z -uall [9ms]
2024-03-04 22:23:45.858 [info] > git config --get commit.template [24ms]
2024-03-04 22:23:45.862 [info] > git for-each-ref --format=%(refname)%00%(upstream:short)%00%(objectname)%00%(upstream:track)%00%(upstream:remotename)%00%(upstream:remoteref) refs/heads/main refs/remotes/main [7ms]
2024-03-04 22:23:45.888 [info] > git status -z -uall [7ms]
2024-03-04 22:23:50.947 [info] > git config --get commit.template [24ms]
2024-03-04 22:23:50.950 [info] > git for-each-ref --format=%(refname)%00%(upstream:short)%00%(objectname)%00%(upstream:track)%00%(upstream:remotename)%00%(upstream:remoteref) refs/heads/main refs/remotes/main [4ms]
2024-03-04 22:23:50.981 [info] > git status -z -uall [10ms]
2024-03-04 22:23:56.041 [info] > git config --get commit.template [22ms]
2024-03-04 22:23:56.044 [info] > git for-each-ref --format=%(refname)%00%(upstream:short)%00%(objectname)%00%(upstream:track)%00%(upstream:remotename)%00%(upstream:remoteref) refs/heads/main refs/remotes/main [4ms]
2024-03-04 22:23:56.073 [info] > git status -z -uall [10ms]
2024-03-04 22:24:35.494 [info] > git config --get commit.template [3ms]
2024-03-04 22:24:35.518 [info] > git for-each-ref --format=%(refname)%00%(upstream:short)%00%(objectname)%00%(upstream:track)%00%(upstream:remotename)%00%(upstream:remoteref) refs/heads/main refs/remotes/main [3ms]
2024-03-04 22:24:35.544 [info] > git status -z -uall [7ms]
2024-03-04 22:26:45.025 [info] > git config --get commit.template [30ms]
2024-03-04 22:26:45.031 [info] > git for-each-ref --format=%(refname)%00%(upstream:short)%00%(objectname)%00%(upstream:track)%00%(upstream:remotename)%00%(upstream:remoteref) refs/heads/main refs/remotes/main [9ms]
2024-03-04 22:26:45.056 [info] > git status -z -uall [8ms]
2024-03-04 22:26:50.119 [info] > git config --get commit.template [24ms]
2024-03-04 22:26:50.122 [info] > git for-each-ref --format=%(refname)%00%(upstream:short)%00%(objectname)%00%(upstream:track)%00%(upstream:remotename)%00%(upstream:remoteref) refs/heads/main refs/remotes/main [4ms]
2024-03-04 22:26:50.152 [info] > git status -z -uall [9ms]
2024-03-04 22:27:28.129 [info] > git config --get commit.template [6ms]
2024-03-04 22:27:28.155 [info] > git for-each-ref --format=%(refname)%00%(upstream:short)%00%(objectname)%00%(upstream:track)%00%(upstream:remotename)%00%(upstream:remoteref) refs/heads/main refs/remotes/main [3ms]
2024-03-04 22:27:28.180 [info] > git status -z -uall [6ms]
2024-03-04 22:28:35.343 [info] > git config --get commit.template [1ms]
2024-03-04 22:28:35.375 [info] > git for-each-ref --format=%(refname)%00%(upstream:short)%00%(objectname)%00%(upstream:track)%00%(upstream:remotename)%00%(upstream:remoteref) refs/heads/main refs/remotes/main [8ms]
2024-03-04 22:28:35.404 [info] > git status -z -uall [6ms]
2024-03-04 22:28:40.465 [info] > git config --get commit.template [26ms]
2024-03-04 22:28:40.468 [info] > git for-each-ref --format=%(refname)%00%(upstream:short)%00%(objectname)%00%(upstream:track)%00%(upstream:remotename)%00%(upstream:remoteref) refs/heads/main refs/remotes/main [5ms]
2024-03-04 22:28:40.501 [info] > git status -z -uall [11ms]
2024-03-04 22:28:45.564 [info] > git config --get commit.template [22ms]
2024-03-04 22:28:45.567 [info] > git for-each-ref --format=%(refname)%00%(upstream:short)%00%(objectname)%00%(upstream:track)%00%(upstream:remotename)%00%(upstream:remoteref) refs/heads/main refs/remotes/main [5ms]
2024-03-04 22:28:45.592 [info] > git status -z -uall [8ms]
2024-03-04 22:28:50.658 [info] > git config --get commit.template [24ms]
2024-03-04 22:28:50.660 [info] > git for-each-ref --format=%(refname)%00%(upstream:short)%00%(objectname)%00%(upstream:track)%00%(upstream:remotename)%00%(upstream:remoteref) refs/heads/main refs/remotes/main [4ms]
2024-03-04 22:28:50.691 [info] > git status -z -uall [10ms]
2024-03-04 22:28:55.753 [info] > git config --get commit.template [23ms]
2024-03-04 22:28:55.757 [info] > git for-each-ref --format=%(refname)%00%(upstream:short)%00%(objectname)%00%(upstream:track)%00%(upstream:remotename)%00%(upstream:remoteref) refs/heads/main refs/remotes/main [5ms]
2024-03-04 22:28:55.778 [info] > git status -z -uall [5ms]
2024-03-04 22:29:00.808 [info] > git config --get commit.template [2ms]
2024-03-04 22:29:00.831 [info] > git for-each-ref --format=%(refname)%00%(upstream:short)%00%(objectname)%00%(upstream:track)%00%(upstream:remotename)%00%(upstream:remoteref) refs/heads/main refs/remotes/main [5ms]
2024-03-04 22:29:00.847 [info] > git status -z -uall [4ms]
2024-03-04 22:31:44.215 [info] > git config --get commit.template [21ms]
2024-03-04 22:31:44.223 [info] > git for-each-ref --format=%(refname)%00%(upstream:short)%00%(objectname)%00%(upstream:track)%00%(upstream:remotename)%00%(upstream:remoteref) refs/heads/main refs/remotes/main [9ms]
2024-03-04 22:31:44.254 [info] > git status -z -uall [10ms]
